<?xml version="1.0" encoding="UTF-8"?>
<!-- Generated by org.testng.reporters.JUnitXMLReporter -->
<testsuite ignored="0" hostname="DESKTOP-1FBI19U" failures="0" tests="6" name="Surefire test" time="65.38" errors="0" timestamp="2025-05-13T12:41:35 EDT">
  <testcase classname="io.cucumber.testng.AbstractTestNGCucumberTests" name="runScenario" time="8.572"/>
  <testcase classname="MCompleteSeleniumFramework.Tests.MErrorValidationsTest" name="logInErrorValidation" time="0.774"/>
  <testcase classname="MCompleteSeleniumFramework.Tests.MErrorValidationsTest" name="productErrorValidation" time="5.534"/>
  <testcase classname="MCompleteSeleniumFramework.Tests.MStandAloneTest" name="submitOrder" time="7.873"/>
  <testcase classname="MCompleteSeleniumFramework.Tests.MStandAloneTest" name="submitOrder" time="5.734"/>
  <testcase classname="MCompleteSeleniumFramework.Tests.MStandAloneTest" name="orderHistoryTest" time="1.204"/>
</testsuite> <!-- Surefire test -->
