<?xml version="1.0" encoding="UTF-8"?>
<!-- Generated by org.testng.reporters.JUnitXMLReporter -->
<testsuite ignored="2" hostname="DESKTOP-1FBI19U" failures="0" tests="0" time="0.014" errors="0" timestamp="2025-05-13T11:26:45 EDT">
  <testcase classname="MCompleteSeleniumFramework.Tests.MErrorValidationsTest" name="logInErrorValidation" time="0.0">
    <ignored/>
  </testcase> <!-- logInErrorValidation -->
  <testcase classname="MCompleteSeleniumFramework.Tests.MErrorValidationsTest" name="productErrorValidation" time="0.0">
    <ignored/>
  </testcase> <!-- productErrorValidation -->
</testsuite>
