<?xml version="1.0" encoding="UTF-8"?>
<!-- Generated by org.testng.reporters.JUnitXMLReporter -->
<testsuite ignored="1" hostname="DESKTOP-1FBI19U" failures="0" tests="2" name="MSubmitOrder" time="27.063" errors="0" timestamp="2025-05-13T11:27:12 EDT">
  <testcase classname="MCompleteSeleniumFramework.Tests.MStandAloneTest" name="submitOrder" time="7.082"/>
  <testcase classname="MCompleteSeleniumFramework.Tests.MStandAloneTest" name="submitOrder" time="5.268"/>
  <testcase classname="MCompleteSeleniumFramework.Tests.MStandAloneTest" name="orderHistoryTest" time="0.0">
    <ignored/>
  </testcase> <!-- orderHistoryTest -->
</testsuite> <!-- MSubmitOrder -->
