<?xml version="1.0" encoding="UTF-8"?>
<!-- Generated by org.testng.reporters.JUnitXMLReporter -->
<testsuite ignored="0" hostname="DESKTOP-1FBI19U" failures="0" tests="2" name="MErrorValidation" time="19.388" errors="0" timestamp="2025-05-07T15:27:06 EDT">
  <testcase classname="MCompleteSeleniumFramework.Tests.MErrorValidationsTest" name="logInErrorValidation" time="0.914"/>
  <testcase classname="MCompleteSeleniumFramework.Tests.MErrorValidationsTest" name="productErrorValidation" time="5.055"/>
</testsuite> <!-- MErrorValidation -->
