<?xml version="1.0" encoding="UTF-8"?>
<!-- Generated by org.testng.reporters.JUnitXMLReporter -->
<testsuite ignored="0" hostname="DESKTOP-1FBI19U" failures="0" tests="3" name="MSubmitOrder" time="33.748" errors="0" timestamp="2025-05-07T15:27:19 EDT">
  <testcase classname="MCompleteSeleniumFramework.Tests.MStandAloneTest" name="submitOrder" time="7.702"/>
  <testcase classname="MCompleteSeleniumFramework.Tests.MStandAloneTest" name="submitOrder" time="5.267"/>
  <testcase classname="MCompleteSeleniumFramework.Tests.MStandAloneTest" name="orderHistoryTest" time="1.519"/>
</testsuite> <!-- MSubmitOrder -->
