<?xml version="1.0" encoding="UTF-8"?>
<testng-results ignored="3" total="5" passed="2" failed="0" skipped="0">
  <reporter-output>
  </reporter-output>
  <suite started-at="2025-05-13T11:26:45 EDT" name="Suite" finished-at="2025-05-13T11:27:12 EDT" duration-ms="27064">
    <groups>
      <group name="purchaseOrder">
        <method signature="MStandAloneTest.submitOrder(java.util.HashMap)[pri:0, instance:MCompleteSeleniumFramework.Tests.MStandAloneTest@43bc63a3]" name="submitOrder" class="MCompleteSeleniumFramework.Tests.MStandAloneTest"/>
      </group> <!-- purchaseOrder -->
    </groups>
    <test started-at="2025-05-13T11:26:45 EDT" name="MErrorValidation" finished-at="2025-05-13T11:26:45 EDT" duration-ms="14">
    </test> <!-- MErrorValidation -->
    <test started-at="2025-05-13T11:26:45 EDT" name="MSubmitOrder" finished-at="2025-05-13T11:27:12 EDT" duration-ms="27063">
      <class name="MCompleteSeleniumFramework.Tests.MStandAloneTest">
        <test-method is-config="true" signature="launchApplication()[pri:0, instance:MCompleteSeleniumFramework.Tests.MStandAloneTest@43bc63a3]" started-at="2025-05-13T11:26:46 EDT" name="launchApplication" finished-at="2025-05-13T11:26:54 EDT" duration-ms="8558" status="PASS">
          <reporter-output>
          </reporter-output>
        </test-method> <!-- launchApplication -->
        <test-method signature="submitOrder(java.util.HashMap)[pri:0, instance:MCompleteSeleniumFramework.Tests.MStandAloneTest@43bc63a3]" started-at="2025-05-13T11:26:54 EDT" name="submitOrder" data-provider="getData" finished-at="2025-05-13T11:27:01 EDT" duration-ms="7082" status="PASS">
          <params>
            <param index="0">
              <value>
                <![CDATA[{password=Qwer123$$, productNeeded=ZARA COAT 3,ADIDAS ORIGINAL, email=Ronald_Joe@hotmail.com}]]>
              </value>
            </param>
          </params>
          <reporter-output>
          </reporter-output>
        </test-method> <!-- submitOrder -->
        <test-method is-config="true" signature="tearDown()[pri:0, instance:MCompleteSeleniumFramework.Tests.MStandAloneTest@43bc63a3]" started-at="2025-05-13T11:27:01 EDT" name="tearDown" finished-at="2025-05-13T11:27:02 EDT" duration-ms="345" status="PASS">
          <reporter-output>
          </reporter-output>
        </test-method> <!-- tearDown -->
        <test-method is-config="true" signature="launchApplication()[pri:0, instance:MCompleteSeleniumFramework.Tests.MStandAloneTest@43bc63a3]" started-at="2025-05-13T11:27:02 EDT" name="launchApplication" finished-at="2025-05-13T11:27:07 EDT" duration-ms="5119" status="PASS">
          <reporter-output>
          </reporter-output>
        </test-method> <!-- launchApplication -->
        <test-method signature="submitOrder(java.util.HashMap)[pri:0, instance:MCompleteSeleniumFramework.Tests.MStandAloneTest@43bc63a3]" started-at="2025-05-13T11:27:07 EDT" name="submitOrder" data-provider="getData" finished-at="2025-05-13T11:27:12 EDT" duration-ms="5268" status="PASS">
          <params>
            <param index="0">
              <value>
                <![CDATA[{password=Qwer123$$, productNeeded=ADIDAS ORIGINAL, email=sofhar@gmail.com}]]>
              </value>
            </param>
          </params>
          <reporter-output>
          </reporter-output>
        </test-method> <!-- submitOrder -->
        <test-method is-config="true" signature="tearDown()[pri:0, instance:MCompleteSeleniumFramework.Tests.MStandAloneTest@43bc63a3]" started-at="2025-05-13T11:27:12 EDT" name="tearDown" finished-at="2025-05-13T11:27:12 EDT" duration-ms="300" status="PASS">
          <reporter-output>
          </reporter-output>
        </test-method> <!-- tearDown -->
      </class> <!-- MCompleteSeleniumFramework.Tests.MStandAloneTest -->
    </test> <!-- MSubmitOrder -->
  </suite> <!-- Suite -->
</testng-results>
